{"name": "Навигация: Документы на контроле", "status": "failed", "statusDetails": {"message": "AssertionError: Не удалось кликнуть по ссылке 'Документы на контроле'\nassert False\n +  where False = click_link_by_href('docs/control')\n +    where click_link_by_href = <tests.e2e.pages.burger_menu_page.BurgerMenuPage object at 0x00000214B6D57240>.click_link_by_href", "trace": "tests\\e2e\\test_burger_menu_docs2.py:1858: in test_documents_control_navigation\n    assert burger_menu.click_link_by_href(\"docs/control\"), \"Не удалось кликнуть по ссылке 'Документы на контроле'\"\nE   AssertionError: Не удалось кликнуть по ссылке 'Документы на контроле'\nE   assert False\nE    +  where False = click_link_by_href('docs/control')\nE    +    where click_link_by_href = <tests.e2e.pages.burger_menu_page.BurgerMenuPage object at 0x00000214B6D57240>.click_link_by_href"}, "description": "Проверка перехода в Документы на контроле - статус код и URL", "steps": [{"name": "Открытие бургер-меню", "status": "passed", "steps": [{"name": "Проверка открытия меню", "status": "passed", "parameters": [{"name": "timeout", "value": "2000"}], "start": 1759325745236, "stop": 1759325745290}], "parameters": [{"name": "timeout", "value": "1000"}], "start": 1759325745236, "stop": 1759325746251}, {"name": "Клик по ссылке меню по href: 'docs/control'", "status": "passed", "steps": [{"name": "Проверка открытия меню", "status": "passed", "parameters": [{"name": "timeout", "value": "5000"}], "start": 1759325746258, "stop": 1759325746268}], "parameters": [{"name": "href", "value": "'docs/control'"}, {"name": "timeout", "value": "10000"}], "start": 1759325746258, "stop": 1759325757317}], "attachments": [{"name": "log", "source": "155751db-9f36-4b9e-9cf3-a24bf727ce53-attachment.txt", "type": "text/plain"}], "parameters": [{"name": "browser_name", "value": "'chromium'"}], "start": 1759325725767, "stop": 1759325757322, "uuid": "5da5b551-7c50-4dec-a293-931e225b03d8", "historyId": "92f2f4a1d080030fcb43fef75cd4bbf8", "testCaseId": "a0fef7ec708254d4f6367c70b1567327", "fullName": "tests.e2e.test_burger_menu_docs2.TestBurgerMenuNavigationRefactored#test_documents_control_navigation", "labels": [{"name": "tag", "value": "failed"}, {"name": "tag", "value": "refactored"}, {"name": "tag", "value": "navigation"}, {"name": "tag", "value": "burger_menu"}, {"name": "parentSuite", "value": "tests.e2e"}, {"name": "suite", "value": "test_burger_menu_docs2"}, {"name": "subSuite", "value": "TestBurgerMenuNavigationRefactored"}, {"name": "host", "value": "LAPTOP-M95T0GFF"}, {"name": "thread", "value": "9336-MainThread"}, {"name": "framework", "value": "pytest"}, {"name": "language", "value": "cpython3"}, {"name": "package", "value": "tests.e2e.test_burger_menu_docs2"}], "titlePath": ["tests", "e2e", "test_burger_menu_docs2.py", "TestBurgerMenuNavigationRefactored"]}