{"name": "Навигация: Документы на контроле", "status": "failed", "statusDetails": {"message": "AssertionError: Не удалось кликнуть по ссылке 'Документы на контроле'\nassert False\n +  where False = click_link_by_href('docs/control')\n +    where click_link_by_href = <tests.e2e.pages.burger_menu_page.BurgerMenuPage object at 0x0000019635248050>.click_link_by_href", "trace": "tests\\e2e\\test_burger_menu_docs2.py:1858: in test_documents_control_navigation\n    assert burger_menu.click_link_by_href(\"docs/control\"), \"Не удалось кликнуть по ссылке 'Документы на контроле'\"\nE   AssertionError: Не удалось кликнуть по ссылке 'Документы на контроле'\nE   assert False\nE    +  where False = click_link_by_href('docs/control')\nE    +    where click_link_by_href = <tests.e2e.pages.burger_menu_page.BurgerMenuPage object at 0x0000019635248050>.click_link_by_href"}, "description": "Проверка перехода в Документы на контроле - статус код и URL", "steps": [{"name": "Открытие бургер-меню", "status": "passed", "steps": [{"name": "Проверка открытия меню", "status": "passed", "parameters": [{"name": "timeout", "value": "2000"}], "start": 1759325556027, "stop": 1759325556075}], "parameters": [{"name": "timeout", "value": "1000"}], "start": 1759325556027, "stop": 1759325557287}, {"name": "Клик по ссылке меню по href: 'docs/control'", "status": "passed", "steps": [{"name": "Проверка открытия меню", "status": "passed", "parameters": [{"name": "timeout", "value": "5000"}], "start": 1759325557300, "stop": 1759325557316}], "parameters": [{"name": "href", "value": "'docs/control'"}, {"name": "timeout", "value": "10000"}], "start": 1759325557300, "stop": 1759325568367}], "attachments": [{"name": "log", "source": "7aa51501-f9ea-4658-9d8c-af598289a8a4-attachment.txt", "type": "text/plain"}], "parameters": [{"name": "browser_name", "value": "'chromium'"}], "start": 1759325538965, "stop": 1759325568374, "uuid": "4e3f271f-b09b-4f3c-b204-5f41f5463abd", "historyId": "92f2f4a1d080030fcb43fef75cd4bbf8", "testCaseId": "a0fef7ec708254d4f6367c70b1567327", "fullName": "tests.e2e.test_burger_menu_docs2.TestBurgerMenuNavigationRefactored#test_documents_control_navigation", "labels": [{"name": "tag", "value": "failed"}, {"name": "tag", "value": "refactored"}, {"name": "tag", "value": "navigation"}, {"name": "tag", "value": "burger_menu"}, {"name": "parentSuite", "value": "tests.e2e"}, {"name": "suite", "value": "test_burger_menu_docs2"}, {"name": "subSuite", "value": "TestBurgerMenuNavigationRefactored"}, {"name": "host", "value": "LAPTOP-M95T0GFF"}, {"name": "thread", "value": "34688-MainThread"}, {"name": "framework", "value": "pytest"}, {"name": "language", "value": "cpython3"}, {"name": "package", "value": "tests.e2e.test_burger_menu_docs2"}], "titlePath": ["tests", "e2e", "test_burger_menu_docs2.py", "TestBurgerMenuNavigationRefactored"]}